<?xml version="1.0" encoding="UTF-8"?>
<!-- Generated by org.testng.reporters.JUnitReportReporter -->
<testsuite hostname="Cyborg-Genisys" failures="0" tests="1" name="Cyborgenisys.E2EProject.ValidateNavigationBar" time="0.801" errors="0" timestamp="8 Jun 2021 14:35:43 GMT">
  <testcase classname="Cyborgenisys.E2EProject.ValidateNavigationBar" name="basePageNavigation" time="0.801"/>
</testsuite> <!-- Cyborgenisys.E2EProject.ValidateNavigationBar -->
