<?xml version="1.0" encoding="UTF-8"?>
<!-- Generated by org.testng.reporters.JUnitReportReporter -->
<testsuite hostname="Cyborg-Genisys" failures="0" tests="2" name="Cyborgenisys.E2EProject.HomePage" time="16.860" errors="0" timestamp="8 Jun 2021 15:08:34 GMT">
  <testcase classname="Cyborgenisys.E2EProject.HomePage" name="basePageNavigation" time="12.373"/>
  <testcase classname="Cyborgenisys.E2EProject.HomePage" name="basePageNavigation" time="4.487"/>
</testsuite> <!-- Cyborgenisys.E2EProject.HomePage -->
