<?xml version="1.0" encoding="UTF-8"?>
<!-- Generated by org.testng.reporters.JUnitReportReporter -->
<testsuite hostname="Cyborg-Genisys" failures="0" tests="2" name="CucumberOptions.TestRunner" time="48.231" errors="0" timestamp="13 Jun 2021 14:53:12 GMT">
  <testcase classname="CucumberOptions.TestRunner" name="runScenario" time="24.608"/>
  <testcase classname="CucumberOptions.TestRunner" name="runScenario" time="23.623"/>
</testsuite> <!-- CucumberOptions.TestRunner -->
