<?xml version="1.0" encoding="UTF-8"?>
<!-- Generated by org.testng.reporters.JUnitReportReporter -->
<testsuite hostname="Cyborg-Genisys" name="CucumberOptions.TestRunner" tests="2" failures="0" timestamp="13 Jun 2021 15:01:53 GMT" time="76.268" errors="0">
  <testcase name="runScenario" time="32.538" classname="CucumberOptions.TestRunner"/>
  <testcase name="runScenario" time="43.730" classname="CucumberOptions.TestRunner"/>
</testsuite> <!-- CucumberOptions.TestRunner -->
